 
 -------------- celery@Aayans-MacBook-Pro.local v5.6.2 (recovery)
--- ***** ----- 
-- ******* ---- macOS-15.6.1-arm64-arm-64bit 2026-01-17 20:56:31
- *** --- * --- 
- ** ---------- [config]
- ** ---------- .> app:         anchor:0x10181aa20
- ** ---------- .> transport:   redis://localhost:6379//
- ** ---------- .> results:     redis://localhost:6379/
- *** --- * --- .> concurrency: 11 (prefork)
-- ******* ---- .> task events: OFF (enable -E to monitor tasks in this worker)
--- ***** ----- 
 -------------- [queues]
                .> celery           exchange=celery(direct) key=celery
                

[tasks]
  . worker.analyze_music_task
  . worker.analyze_videos_task
  . worker.generate_highlight_reel_task
  . worker.generate_video_task
  . worker.sync_store_products_task

[2026-01-17 20:56:31,452: INFO/MainProcess] Connected to redis://localhost:6379//
[2026-01-17 20:56:31,457: INFO/MainProcess] mingle: searching for neighbors
[2026-01-17 20:56:32,467: INFO/MainProcess] mingle: all alone
[2026-01-17 20:56:32,484: INFO/MainProcess] celery@Aayans-MacBook-Pro.local ready.
